[2022-01-21 17:52:02] START
[2022-01-21 17:55:06] EDIT anuncios/controllers/default.py: -1
[2022-01-21 17:56:30] EDIT anuncios/controllers/default.py: -38
[2022-01-21 17:57:28] EDIT anuncios/views/default/index.html: -44
[2022-01-21 17:59:35] CREATE db_anuncios.py: 0
[2022-01-23 12:18:44] EDIT anuncios/views/default/index.html: 0
[2022-01-23 12:23:34] EDIT anuncios/models/db_anuncios.py: 15
[2022-01-23 12:25:21] EDIT anuncios/models/db_anuncios.py: 0
[2022-01-23 12:25:29] EDIT anuncios/models/db_anuncios.py: 0
[2022-01-23 12:27:28] EDIT anuncios/controllers/default.py: 2
[2022-01-23 12:29:03] EDIT anuncios/views/default/index.html: 5
[2022-01-23 12:31:54] EDIT anuncios/controllers/default.py: 0
[2022-01-23 12:39:02] EDIT anuncios/controllers/default.py: 12
[2022-01-23 12:39:42] CREATE default/show.html: 0
[2022-01-23 12:41:15] EDIT anuncios/views/default/show.html: -1
[2022-01-23 12:42:19] EDIT anuncios/controllers/default.py: 0
[2022-01-23 12:44:09] EDIT anuncios/controllers/default.py: 0
[2022-01-23 12:44:37] EDIT anuncios/controllers/default.py: 0
[2022-01-23 12:47:05] CREATE default/create.html: 0
[2022-01-23 12:47:11] CREATE default/edit.html: 0
[2022-01-23 12:48:33] EDIT anuncios/views/default/create.html: -1
[2022-01-23 12:48:55] EDIT anuncios/controllers/default.py: 0
[2022-01-23 12:50:31] EDIT anuncios/views/default/index.html: 1
[2022-01-23 12:51:01] EDIT anuncios/views/default/index.html: 0
[2022-01-23 12:59:53] EDIT anuncios/controllers/default.py: 4
[2022-01-23 13:00:44] EDIT anuncios/controllers/default.py: -4
[2022-01-23 21:48:40] EDIT anuncios/controllers/default.py: 38
[2022-01-23 21:52:22] EDIT anuncios/views/default/index.html: 0
[2022-01-23 21:54:27] EDIT anuncios/views/default/index.html: 0
[2022-01-23 21:55:54] EDIT anuncios/views/default/index.html: 0
[2022-01-23 21:57:08] EDIT anuncios/views/default/index.html: 1
[2022-01-23 21:58:42] EDIT anuncios/views/default/index.html: 0
[2022-01-23 22:00:24] EDIT anuncios/controllers/default.py: 0
[2022-01-23 22:01:13] EDIT anuncios/controllers/default.py: 0
[2022-01-23 22:01:22] EDIT anuncios/views/default/index.html: 0
[2022-01-23 22:01:43] EDIT anuncios/views/default/index.html: 0
[2022-01-23 22:03:56] EDIT anuncios/views/default/index.html: 0
[2022-01-23 22:20:14] EDIT anuncios/views/default/index.html: 0
[2022-01-23 22:22:11] EDIT anuncios/views/default/index.html: 0
[2022-01-23 22:24:01] EDIT anuncios/views/default/index.html: 0
[2022-01-23 22:24:43] EDIT anuncios/views/default/index.html: 0
[2022-01-23 22:25:16] EDIT anuncios/views/default/index.html: 0
[2022-01-23 22:26:13] EDIT anuncios/views/default/index.html: 0
[2022-01-23 22:26:28] EDIT anuncios/views/default/index.html: 0
[2022-01-24 18:12:28] EDIT anuncios/models/db_anuncios.py: 2
[2022-01-24 18:12:43] EDIT anuncios/models/db_anuncios.py: 0
[2022-01-24 18:13:01] EDIT anuncios/models/db_anuncios.py: 0
[2022-01-24 18:13:12] EDIT anuncios/models/db_anuncios.py: 0
[2022-01-24 18:13:27] EDIT anuncios/models/db_anuncios.py: 0
[2022-01-24 18:45:14] EDIT anuncios/views/default/show.html: 4
[2022-01-24 18:46:00] EDIT anuncios/views/default/show.html: 0
[2022-01-24 19:19:27] EDIT anuncios/controllers/default.py: 0
[2022-01-24 19:20:15] EDIT anuncios/views/default/index.html: 0
[2022-01-24 19:20:37] EDIT anuncios/views/default/index.html: 0
[2022-01-24 19:22:01] EDIT anuncios/views/default/index.html: 0
[2022-01-24 19:22:46] EDIT anuncios/views/default/index.html: 0
[2022-01-24 19:23:27] EDIT anuncios/views/default/index.html: 0
[2022-01-24 19:28:15] EDIT anuncios/views/default/index.html: 2
[2022-01-24 19:28:55] EDIT anuncios/views/default/index.html: 0
[2022-01-24 19:29:53] EDIT anuncios/views/default/index.html: 0
[2022-01-24 19:30:58] EDIT anuncios/views/default/show.html: 0
[2022-01-24 19:31:42] EDIT anuncios/views/default/show.html: 3
[2022-01-24 19:32:03] EDIT anuncios/views/default/show.html: 0
[2022-01-24 19:34:10] EDIT anuncios/controllers/default.py: 0
[2022-01-24 19:34:23] EDIT anuncios/controllers/default.py: 0
[2022-01-24 19:39:24] EDIT anuncios/views/default/show.html: 0
[2022-01-24 19:40:04] EDIT anuncios/views/default/show.html: 0
[2022-01-24 19:41:50] EDIT anuncios/views/default/show.html: 3
[2022-01-24 21:32:33] EDIT anuncios/views/default/show.html: 0
[2022-01-24 21:33:06] EDIT anuncios/views/default/show.html: 1
[2022-01-24 21:34:18] EDIT anuncios/controllers/default.py: 0
[2022-01-24 21:45:33] EDIT anuncios/views/default/edit.html: 1
[2022-01-24 21:46:16] EDIT anuncios/views/default/edit.html: -1
[2022-01-24 21:48:54] EDIT anuncios/controllers/default.py: 2
[2022-01-24 21:49:21] EDIT anuncios/controllers/default.py: -1
[2022-01-24 21:49:34] EDIT anuncios/views/default/edit.html: 1
[2022-01-24 21:50:37] EDIT anuncios/controllers/default.py: 1
[2022-01-24 21:50:51] EDIT anuncios/views/default/edit.html: 1
[2022-01-24 21:51:13] EDIT anuncios/controllers/default.py: 0
[2022-01-24 21:51:25] EDIT anuncios/controllers/default.py: 0
[2022-01-24 21:51:38] EDIT anuncios/controllers/default.py: 0
[2022-01-24 21:51:43] EDIT anuncios/views/default/edit.html: 0
[2022-01-24 21:54:26] EDIT anuncios/controllers/default.py: 2
[2022-01-24 21:55:34] EDIT anuncios/views/default/edit.html: 1
[2022-01-24 21:56:57] EDIT anuncios/controllers/default.py: 0
[2022-01-24 21:57:14] EDIT anuncios/controllers/default.py: 0
[2022-01-24 21:58:03] EDIT anuncios/views/default/edit.html: 0
[2022-01-24 21:58:52] EDIT anuncios/views/default/edit.html: 0
[2022-01-24 21:59:10] EDIT anuncios/views/default/edit.html: 0
[2022-01-24 21:59:57] EDIT anuncios/views/default/edit.html: 1
[2022-01-24 22:00:59] EDIT anuncios/views/default/edit.html: 3
[2022-01-24 22:01:22] EDIT anuncios/controllers/default.py: 0
[2022-01-24 22:06:44] EDIT anuncios/views/default/index.html: 0
[2022-01-24 22:13:20] EDIT anuncios/models/db_anuncios.py: 1
[2022-01-24 22:15:32] EDIT anuncios/models/db_anuncios.py: 0
[2022-01-24 22:18:08] EDIT anuncios/views/default/show.html: 1
[2022-01-24 22:19:02] EDIT anuncios/views/default/show.html: 0
[2022-01-24 22:19:45] EDIT anuncios/views/default/show.html: 0
[2022-01-24 22:19:57] EDIT anuncios/views/default/show.html: 0
[2022-01-24 22:20:56] EDIT anuncios/views/default/show.html: 0
[2022-01-24 22:38:17] EDIT anuncios/controllers/default.py: 4
[2022-01-24 22:39:57] EDIT anuncios/controllers/default.py: 0
[2022-01-24 22:40:24] CREATE default/search.html: 0
[2022-01-24 22:40:36] EDIT anuncios/views/default/search.html: 1
[2022-01-24 22:41:48] EDIT anuncios/views/default/search.html: 0
[2022-01-24 22:46:12] EDIT anuncios/controllers/default.py: 6
[2022-01-24 22:49:32] EDIT anuncios/controllers/default.py: 0
[2022-01-24 22:49:43] EDIT anuncios/controllers/default.py: 0
[2022-01-24 22:52:21] EDIT anuncios/controllers/default.py: 0
[2022-01-24 22:53:52] EDIT anuncios/views/default/search.html: 2
[2022-01-24 22:55:40] EDIT anuncios/views/default/index.html: 3
[2022-01-24 22:56:15] EDIT anuncios/views/default/index.html: 0
