[2022-01-05 19:00:48] START
[2022-01-05 19:01:27] CREATE db_mywiki.py: 0
[2022-01-05 21:33:32] EDIT mywiki/models/db_mywiki.py: 35
[2022-01-06 15:15:40] EDIT mywiki/controllers/default.py: 0
[2022-01-06 15:17:14] EDIT mywiki/models/db_mywiki.py: 0
[2022-01-06 15:22:39] EDIT mywiki/views/default/index.html: -41
[2022-01-06 15:23:07] EDIT mywiki/views/default/index.html: 0
[2022-01-06 15:26:45] EDIT mywiki/views/default/index.html: 6
[2022-01-06 16:22:10] EDIT mywiki/controllers/default.py: 2
[2022-01-06 16:25:57] EDIT mywiki/controllers/default.py: 1
[2022-01-06 16:26:25] CREATE default/create.html: 0
[2022-01-06 16:28:07] EDIT mywiki/views/default/create.html: 2
[2022-01-06 16:32:08] EDIT mywiki/views/default/index.html: 0
[2022-01-06 16:34:05] CREATE default/show.html: 0
[2022-01-06 16:42:49] EDIT mywiki/views/default/show.html: -1
[2022-01-06 16:57:08] EDIT mywiki/views/default/show.html: 9
[2022-01-06 17:05:41] EDIT mywiki/controllers/default.py: 6
[2022-01-06 17:06:03] EDIT mywiki/controllers/default.py: 0
[2022-01-06 17:06:46] EDIT mywiki/controllers/default.py: 0
[2022-01-06 17:07:39] EDIT mywiki/views/default/show.html: 0
[2022-01-06 17:09:22] EDIT mywiki/views/default/show.html: 0
[2022-01-06 17:11:38] EDIT mywiki/controllers/default.py: 1
[2022-01-06 17:15:29] EDIT mywiki/views/default/show.html: 1
[2022-01-06 17:16:14] EDIT mywiki/views/default/show.html: 0
[2022-01-06 17:18:04] EDIT mywiki/views/default/show.html: 0
[2022-01-06 17:18:21] EDIT mywiki/views/default/show.html: 0
[2022-01-06 17:18:45] EDIT mywiki/views/default/show.html: 0
[2022-01-06 17:19:06] EDIT mywiki/views/default/show.html: 0
[2022-01-11 19:26:26] EDIT mywiki/controllers/default.py: 4
[2022-01-11 19:27:04] CREATE default/edit.html: 0
[2022-01-11 19:27:47] EDIT mywiki/controllers/default.py: 1
[2022-01-11 19:29:51] EDIT mywiki/views/default/create.html: -2
[2022-01-11 19:31:53] EDIT mywiki/views/default/edit.html: 1
[2022-01-11 19:33:14] EDIT mywiki/controllers/default.py: 0
[2022-01-11 19:34:21] EDIT mywiki/controllers/default.py: 0
[2022-01-24 21:32:00] EDIT mywiki/views/default/show.html: 0
