[2021-12-29 10:58:44] START
[2021-12-29 11:01:08] EDIT myapp/views/default/index.html: -35
[2021-12-29 11:47:02] EDIT myapp/controllers/default.py: 0
[2021-12-29 11:47:31] EDIT myapp/views/default/index.html: 0
[2021-12-29 11:48:00] EDIT myapp/views/default/index.html: -7
[2021-12-29 11:48:08] EDIT myapp/controllers/default.py: 0
[2021-12-29 11:50:05] EDIT myapp/controllers/default.py: 0
[2021-12-29 11:50:51] EDIT myapp/views/default/index.html: -1
[2021-12-29 11:50:59] EDIT myapp/views/default/index.html: 1
[2021-12-29 11:52:59] CREATE my.html: 0
[2021-12-29 11:55:10] DELETE myapp/views/my.html: -3
[2021-12-29 11:55:26] CREATE default/my.html: 0
[2021-12-29 11:56:04] EDIT myapp/controllers/default.py: 0
[2021-12-29 11:56:22] EDIT myapp/controllers/default.py: 0
[2021-12-29 11:56:44] DELETE myapp/views/default/my.html: -3
[2021-12-29 12:00:46] EDIT myapp/controllers/default.py: 5
[2021-12-29 12:01:18] EDIT myapp/views/default/index.html: 3
[2021-12-29 12:01:53] EDIT myapp/views/default/index.html: 0
[2021-12-29 12:02:08] EDIT myapp/controllers/default.py: 0
[2021-12-29 12:02:58] EDIT myapp/controllers/default.py: -2
[2021-12-29 12:03:26] EDIT myapp/views/default/index.html: 0
[2021-12-29 12:03:42] EDIT myapp/controllers/default.py: 2
[2021-12-29 12:31:55] EDIT myapp/controllers/default.py: 4
[2021-12-29 12:33:32] EDIT myapp/views/default/index.html: 7
[2021-12-29 12:34:12] EDIT myapp/views/default/index.html: -7
[2021-12-29 12:34:33] CREATE default/first.html: 0
[2021-12-29 12:34:55] CREATE default/second.html: 0
[2021-12-29 12:35:10] EDIT myapp/views/default/first.html: 5
[2021-12-29 12:36:20] EDIT myapp/views/default/second.html: 1
[2021-12-29 12:38:44] EDIT myapp/views/default/first.html: 0
[2021-12-29 12:39:26] EDIT myapp/views/default/first.html: 0
[2021-12-29 15:52:12] EDIT myapp/controllers/default.py: 3
[2021-12-29 15:52:42] EDIT myapp/controllers/default.py: 0
[2021-12-29 15:53:03] EDIT myapp/controllers/default.py: 0
[2021-12-29 15:53:14] EDIT myapp/views/default/first.html: 0
[2021-12-29 15:54:35] EDIT myapp/views/default/second.html: 0
[2021-12-29 16:11:32] EDIT myapp/controllers/default.py: 1
[2021-12-29 16:11:53] EDIT myapp/controllers/default.py: 0
[2021-12-29 16:12:35] EDIT myapp/views/default/first.html: -3
[2021-12-29 16:39:54] CREATE db_images.py: 0
[2021-12-29 16:49:12] EDIT myapp/models/db_images.py: 18
[2021-12-29 18:45:53] EDIT myapp/models/db_images.py: 0
[2021-12-29 19:33:28] EDIT myapp/models/db_images.py: -18
[2021-12-29 19:33:33] EDIT myapp/models/db.py: -36
[2021-12-29 19:34:03] EDIT myapp/models/db.py: 36
[2021-12-29 19:34:06] EDIT myapp/models/db_images.py: 0
[2021-12-29 19:34:08] EDIT myapp/models/db_images.py: 18
[2021-12-29 19:34:47] EDIT myapp/models/db.py: 18
[2021-12-29 19:35:11] EDIT myapp/models/db.py: -18
[2021-12-29 19:35:15] EDIT myapp/models/db_images.py: 0
[2021-12-29 19:50:46] EDIT myapp/controllers/default.py: -5
[2021-12-29 19:57:41] EDIT myapp/views/default/index.html: 2
[2021-12-29 19:58:29] EDIT myapp/views/default/index.html: 0
[2021-12-29 20:02:01] EDIT myapp/controllers/default.py: 2
[2021-12-29 20:25:29] EDIT myapp/controllers/default.py: 6
[2021-12-29 20:26:16] EDIT myapp/controllers/default.py: 2
[2021-12-31 09:55:28] EDIT myapp/controllers/default.py: 0
[2021-12-31 10:02:46] CREATE default.show.html: 0
[2021-12-31 10:06:14] EDIT myapp/views/default.show.html: 4
[2021-12-31 10:13:40] EDIT myapp/views/default.show.html: 12
[2021-12-31 10:29:18] EDIT myapp/views/default/index.html: 0
[2021-12-31 10:30:12] EDIT myapp/controllers/default.py: 0
[2021-12-31 10:30:52] EDIT myapp/controllers/default.py: 0
[2021-12-31 10:31:38] CREATE show.html: 0
[2021-12-31 10:31:55] EDIT myapp/views/show.html: 16
[2021-12-31 10:32:59] EDIT myapp/views/show.html: 0
[2021-12-31 10:33:01] EDIT myapp/views/show.html: 0
[2021-12-31 10:33:07] EDIT myapp/views/show.html: -3
[2021-12-31 10:34:05] EDIT myapp/models/db.py: 18
[2021-12-31 10:42:59] EDIT myapp/views/default/index.html: 1
[2021-12-31 10:43:42] EDIT myapp/views/default.show.html: 1
[2021-12-31 10:44:02] EDIT myapp/views/default.show.html: -1
[2021-12-31 10:44:10] EDIT myapp/views/show.html: 1
[2021-12-31 10:45:53] EDIT myapp/views/default/index.html: 0
[2021-12-31 10:45:58] EDIT myapp/views/default/index.html: 0
[2021-12-31 10:46:23] EDIT myapp/views/default/index.html: 0
[2021-12-31 10:47:22] EDIT myapp/controllers/default.py: 0
[2021-12-31 10:53:21] EDIT myapp/views/show.html: 1
[2021-12-31 10:54:13] DELETE myapp/views/default.show.html: -19
[2021-12-31 10:54:33] CREATE default/show.html: 0
[2021-12-31 10:55:06] EDIT myapp/views/default/show.html: 16
[2021-12-31 10:57:10] EDIT myapp/views/default/show.html: 0
[2022-01-01 15:23:20] EDIT myapp/models/db.py: -18
[2022-01-01 15:24:18] EDIT myapp/models/db_images.py: 1
[2022-01-01 15:24:47] EDIT myapp/models/db_images.py: 1
[2022-01-01 15:34:37] EDIT myapp/controllers/default.py: 1
[2022-01-01 15:35:43] EDIT myapp/controllers/default.py: 0
[2022-01-01 15:37:57] EDIT myapp/controllers/default.py: 0
[2022-01-03 17:23:00] EDIT myapp/models/db_images.py: 3
[2022-01-03 17:24:03] EDIT myapp/controllers/default.py: 2
[2022-01-03 17:26:09] EDIT myapp/controllers/default.py: 1
[2022-01-03 17:42:57] EDIT myapp/controllers/default.py: 4
[2022-01-03 17:43:26] CREATE default/manage.html: 0
[2022-01-03 17:44:27] EDIT myapp/views/default/manage.html: 0
[2022-01-03 17:45:53] EDIT myapp/controllers/default.py: 0
[2022-01-03 17:52:08] EDIT myapp/controllers/default.py: -1
[2022-01-03 17:52:38] EDIT myapp/controllers/default.py: 0
[2022-01-03 18:16:35] EDIT myapp/views/default/show.html: 3
[2022-01-03 18:17:29] EDIT myapp/views/default/show.html: 0
[2022-01-03 18:17:53] EDIT myapp/views/default/show.html: -3
[2022-01-03 18:22:39] EDIT myapp/views/default/index.html: 1
[2022-01-03 18:29:59] EDIT myapp/views/default/index.html: 0
[2022-01-03 18:30:35] EDIT myapp/views/default/index.html: 0
[2022-01-03 20:14:18] EDIT myapp/views/default/index.html: -1
[2022-01-03 20:14:28] EDIT myapp/views/default/show.html: 1
[2022-01-03 20:15:50] EDIT myapp/views/default/show.html: 0
[2022-01-03 20:16:30] EDIT myapp/views/default/show.html: 0
[2022-01-03 20:17:02] EDIT myapp/views/default/show.html: 0
[2022-01-03 20:17:32] EDIT myapp/views/default/show.html: 0
[2022-01-03 20:18:20] EDIT myapp/views/default/show.html: 0
[2022-01-03 20:23:25] EDIT myapp/views/default/show.html: 3
[2022-01-03 20:24:16] EDIT myapp/views/default/show.html: -1
